<?xml version="1.0" encoding="UTF-8"?>
<!-- Generated by org.testng.reporters.JUnitReportReporter -->
<testsuite name="com.subhi.ScreenShotEx" tests="1" time="0.603" ignored="0" failures="0" timestamp="01 Jun 2020 15:53:12 GMT" skipped="0" hostname="admin-PC" errors="0">
  <testcase name="Scrnshot" time="0.603" classname="com.subhi.ScreenShotEx"/>
</testsuite> <!-- com.subhi.ScreenShotEx -->
